[2m2026-03-30T21:43:45.206100Z[0m [33m WARN[0m [2mralph::loop_runner[0m[2m:[0m Interactive mode requested but stdout is not a TTY, falling back to autonomous
[2m2026-03-30T21:43:45.207883Z[0m [32m INFO[0m [2mralph_core::event_loop[0m[2m:[0m Memory injection check: enabled=true, inject=Auto, workspace_root="/Users/ship/git/ast-search"
[2m2026-03-30T21:43:45.207902Z[0m [32m INFO[0m [2mralph_core::event_loop[0m[2m:[0m Looking for memories at: "/Users/ship/git/ast-search/.ralph/agent/memories.md" (exists: false)
[2m2026-03-30T21:43:45.207913Z[0m [32m INFO[0m [2mralph_core::event_loop[0m[2m:[0m Successfully loaded 0 memories from store
[2m2026-03-30T21:43:45.207921Z[0m [32m INFO[0m [2mralph_core::event_loop[0m[2m:[0m Memory store is empty - no memories to inject
[2m2026-03-30T21:43:46.368973Z[0m [32m INFO[0m [2mralph_core::event_loop[0m[2m:[0m Memory injection check: enabled=true, inject=Auto, workspace_root="/Users/ship/git/ast-search"
[2m2026-03-30T21:43:46.369085Z[0m [32m INFO[0m [2mralph_core::event_loop[0m[2m:[0m Looking for memories at: "/Users/ship/git/ast-search/.ralph/agent/memories.md" (exists: false)
[2m2026-03-30T21:43:46.369116Z[0m [32m INFO[0m [2mralph_core::event_loop[0m[2m:[0m Successfully loaded 0 memories from store
[2m2026-03-30T21:43:46.369134Z[0m [32m INFO[0m [2mralph_core::event_loop[0m[2m:[0m Memory store is empty - no memories to inject
[2m2026-03-30T21:43:47.541319Z[0m [32m INFO[0m [2mralph_core::event_loop[0m[2m:[0m Memory injection check: enabled=true, inject=Auto, workspace_root="/Users/ship/git/ast-search"
[2m2026-03-30T21:43:47.541373Z[0m [32m INFO[0m [2mralph_core::event_loop[0m[2m:[0m Looking for memories at: "/Users/ship/git/ast-search/.ralph/agent/memories.md" (exists: false)
[2m2026-03-30T21:43:47.541388Z[0m [32m INFO[0m [2mralph_core::event_loop[0m[2m:[0m Successfully loaded 0 memories from store
[2m2026-03-30T21:43:47.541398Z[0m [32m INFO[0m [2mralph_core::event_loop[0m[2m:[0m Memory store is empty - no memories to inject
[2m2026-03-30T21:43:48.685080Z[0m [32m INFO[0m [2mralph_core::event_loop[0m[2m:[0m Memory injection check: enabled=true, inject=Auto, workspace_root="/Users/ship/git/ast-search"
[2m2026-03-30T21:43:48.685202Z[0m [32m INFO[0m [2mralph_core::event_loop[0m[2m:[0m Looking for memories at: "/Users/ship/git/ast-search/.ralph/agent/memories.md" (exists: false)
[2m2026-03-30T21:43:48.685238Z[0m [32m INFO[0m [2mralph_core::event_loop[0m[2m:[0m Successfully loaded 0 memories from store
[2m2026-03-30T21:43:48.685260Z[0m [32m INFO[0m [2mralph_core::event_loop[0m[2m:[0m Memory store is empty - no memories to inject
[2m2026-03-30T21:43:50.103804Z[0m [32m INFO[0m [2mralph_core::event_loop[0m[2m:[0m Memory injection check: enabled=true, inject=Auto, workspace_root="/Users/ship/git/ast-search"
[2m2026-03-30T21:43:50.103927Z[0m [32m INFO[0m [2mralph_core::event_loop[0m[2m:[0m Looking for memories at: "/Users/ship/git/ast-search/.ralph/agent/memories.md" (exists: false)
[2m2026-03-30T21:43:50.103968Z[0m [32m INFO[0m [2mralph_core::event_loop[0m[2m:[0m Successfully loaded 0 memories from store
[2m2026-03-30T21:43:50.103988Z[0m [32m INFO[0m [2mralph_core::event_loop[0m[2m:[0m Memory store is empty - no memories to inject
[2m2026-03-30T21:43:51.446415Z[0m [32m INFO[0m [2mralph_core::event_loop[0m[2m:[0m Wrapping up: consecutive_failures. 5 iterations in 6s. [3mreason[0m[2m=[0mconsecutive_failures [3miterations[0m[2m=[0m5 [3mduration[0m[2m=[0m6s
