[2m2026-03-30T21:01:34.778429Z[0m [33m WARN[0m [2mralph::loop_runner[0m[2m:[0m Interactive mode requested but stdout is not a TTY, falling back to autonomous
[2m2026-03-30T21:01:34.780901Z[0m [32m INFO[0m [2mralph_core::event_loop[0m[2m:[0m Memory injection check: enabled=true, inject=Auto, workspace_root="/Users/ship/git/ast-search"
[2m2026-03-30T21:01:34.780922Z[0m [32m INFO[0m [2mralph_core::event_loop[0m[2m:[0m Looking for memories at: "/Users/ship/git/ast-search/.ralph/agent/memories.md" (exists: false)
[2m2026-03-30T21:01:34.780934Z[0m [32m INFO[0m [2mralph_core::event_loop[0m[2m:[0m Successfully loaded 0 memories from store
[2m2026-03-30T21:01:34.780941Z[0m [32m INFO[0m [2mralph_core::event_loop[0m[2m:[0m Memory store is empty - no memories to inject
[2m2026-03-30T21:03:51.897381Z[0m [32m INFO[0m [2mralph_core::event_loop[0m[2m:[0m Memory injection check: enabled=true, inject=Auto, workspace_root="/Users/ship/git/ast-search"
[2m2026-03-30T21:03:51.897549Z[0m [32m INFO[0m [2mralph_core::event_loop[0m[2m:[0m Looking for memories at: "/Users/ship/git/ast-search/.ralph/agent/memories.md" (exists: false)
[2m2026-03-30T21:03:51.897619Z[0m [32m INFO[0m [2mralph_core::event_loop[0m[2m:[0m Successfully loaded 0 memories from store
[2m2026-03-30T21:03:51.897656Z[0m [32m INFO[0m [2mralph_core::event_loop[0m[2m:[0m Memory store is empty - no memories to inject
[2m2026-03-30T21:03:51.897879Z[0m [32m INFO[0m [2mralph_core::event_loop[0m[2m:[0m Injecting scratchpad (1388 chars) into prompt
[2m2026-03-30T21:03:51.898444Z[0m [32m INFO[0m [2mralph_core::event_loop[0m[2m:[0m Injecting ready tasks (1 ready, 1 open, 0 closed) into prompt
[2m2026-03-30T21:06:28.920034Z[0m [32m INFO[0m [2mralph_core::event_loop[0m[2m:[0m Memory injection check: enabled=true, inject=Auto, workspace_root="/Users/ship/git/ast-search"
[2m2026-03-30T21:06:28.920097Z[0m [32m INFO[0m [2mralph_core::event_loop[0m[2m:[0m Looking for memories at: "/Users/ship/git/ast-search/.ralph/agent/memories.md" (exists: false)
[2m2026-03-30T21:06:28.920115Z[0m [32m INFO[0m [2mralph_core::event_loop[0m[2m:[0m Successfully loaded 0 memories from store
[2m2026-03-30T21:06:28.920128Z[0m [32m INFO[0m [2mralph_core::event_loop[0m[2m:[0m Memory store is empty - no memories to inject
[2m2026-03-30T21:06:28.920223Z[0m [32m INFO[0m [2mralph_core::event_loop[0m[2m:[0m Injecting scratchpad (1388 chars) into prompt
[2m2026-03-30T21:06:28.920434Z[0m [32m INFO[0m [2mralph_core::event_loop[0m[2m:[0m Injecting ready tasks (0 ready, 0 open, 1 closed) into prompt
[2m2026-03-30T21:07:59.989690Z[0m [32m INFO[0m [2mralph_core::event_loop[0m[2m:[0m Memory injection check: enabled=true, inject=Auto, workspace_root="/Users/ship/git/ast-search"
[2m2026-03-30T21:07:59.989747Z[0m [32m INFO[0m [2mralph_core::event_loop[0m[2m:[0m Looking for memories at: "/Users/ship/git/ast-search/.ralph/agent/memories.md" (exists: false)
[2m2026-03-30T21:07:59.989916Z[0m [32m INFO[0m [2mralph_core::event_loop[0m[2m:[0m Successfully loaded 0 memories from store
[2m2026-03-30T21:07:59.989933Z[0m [32m INFO[0m [2mralph_core::event_loop[0m[2m:[0m Memory store is empty - no memories to inject
[2m2026-03-30T21:07:59.989999Z[0m [32m INFO[0m [2mralph_core::event_loop[0m[2m:[0m Injecting scratchpad (2702 chars) into prompt
[2m2026-03-30T21:07:59.990241Z[0m [32m INFO[0m [2mralph_core::event_loop[0m[2m:[0m Injecting ready tasks (0 ready, 0 open, 1 closed) into prompt
[2m2026-03-30T21:09:47.245066Z[0m [32m INFO[0m [2mralph_core::event_loop[0m[2m:[0m Memory injection check: enabled=true, inject=Auto, workspace_root="/Users/ship/git/ast-search"
[2m2026-03-30T21:09:47.245116Z[0m [32m INFO[0m [2mralph_core::event_loop[0m[2m:[0m Looking for memories at: "/Users/ship/git/ast-search/.ralph/agent/memories.md" (exists: false)
[2m2026-03-30T21:09:47.245134Z[0m [32m INFO[0m [2mralph_core::event_loop[0m[2m:[0m Successfully loaded 0 memories from store
[2m2026-03-30T21:09:47.245176Z[0m [32m INFO[0m [2mralph_core::event_loop[0m[2m:[0m Memory store is empty - no memories to inject
[2m2026-03-30T21:09:47.245265Z[0m [32m INFO[0m [2mralph_core::event_loop[0m[2m:[0m Injecting scratchpad (2702 chars) into prompt
[2m2026-03-30T21:09:47.245486Z[0m [32m INFO[0m [2mralph_core::event_loop[0m[2m:[0m Injecting ready tasks (0 ready, 1 open, 0 closed) into prompt
[2m2026-03-30T21:11:16.225106Z[0m [32m INFO[0m [2mralph_core::event_loop[0m[2m:[0m Memory injection check: enabled=true, inject=Auto, workspace_root="/Users/ship/git/ast-search"
[2m2026-03-30T21:11:16.225165Z[0m [32m INFO[0m [2mralph_core::event_loop[0m[2m:[0m Looking for memories at: "/Users/ship/git/ast-search/.ralph/agent/memories.md" (exists: false)
[2m2026-03-30T21:11:16.225181Z[0m [32m INFO[0m [2mralph_core::event_loop[0m[2m:[0m Successfully loaded 0 memories from store
[2m2026-03-30T21:11:16.225192Z[0m [32m INFO[0m [2mralph_core::event_loop[0m[2m:[0m Memory store is empty - no memories to inject
[2m2026-03-30T21:11:16.225261Z[0m [32m INFO[0m [2mralph_core::event_loop[0m[2m:[0m Injecting scratchpad (4201 chars) into prompt
[2m2026-03-30T21:11:16.225549Z[0m [32m INFO[0m [2mralph_core::event_loop[0m[2m:[0m Injecting ready tasks (0 ready, 1 open, 0 closed) into prompt
[2m2026-03-30T21:12:07.126779Z[0m [32m INFO[0m [2mralph_core::event_loop[0m[2m:[0m Memory injection check: enabled=true, inject=Auto, workspace_root="/Users/ship/git/ast-search"
[2m2026-03-30T21:12:07.126884Z[0m [32m INFO[0m [2mralph_core::event_loop[0m[2m:[0m Looking for memories at: "/Users/ship/git/ast-search/.ralph/agent/memories.md" (exists: false)
[2m2026-03-30T21:12:07.126917Z[0m [32m INFO[0m [2mralph_core::event_loop[0m[2m:[0m Successfully loaded 0 memories from store
[2m2026-03-30T21:12:07.126935Z[0m [32m INFO[0m [2mralph_core::event_loop[0m[2m:[0m Memory store is empty - no memories to inject
[2m2026-03-30T21:12:07.127082Z[0m [32m INFO[0m [2mralph_core::event_loop[0m[2m:[0m Injecting scratchpad (4945 chars) into prompt
[2m2026-03-30T21:12:07.127416Z[0m [32m INFO[0m [2mralph_core::event_loop[0m[2m:[0m Injecting ready tasks (0 ready, 1 open, 0 closed) into prompt
[2m2026-03-30T21:14:15.343310Z[0m [32m INFO[0m [2mralph_core::event_loop[0m[2m:[0m Memory injection check: enabled=true, inject=Auto, workspace_root="/Users/ship/git/ast-search"
[2m2026-03-30T21:14:15.343418Z[0m [32m INFO[0m [2mralph_core::event_loop[0m[2m:[0m Looking for memories at: "/Users/ship/git/ast-search/.ralph/agent/memories.md" (exists: false)
[2m2026-03-30T21:14:15.343450Z[0m [32m INFO[0m [2mralph_core::event_loop[0m[2m:[0m Successfully loaded 0 memories from store
[2m2026-03-30T21:14:15.343466Z[0m [32m INFO[0m [2mralph_core::event_loop[0m[2m:[0m Memory store is empty - no memories to inject
[2m2026-03-30T21:14:15.343667Z[0m [32m INFO[0m [2mralph_core::event_loop[0m[2m:[0m Injecting scratchpad (5916 chars) into prompt
[2m2026-03-30T21:14:15.344099Z[0m [32m INFO[0m [2mralph_core::event_loop[0m[2m:[0m Injecting ready tasks (0 ready, 1 open, 0 closed) into prompt
[2m2026-03-30T21:15:49.370809Z[0m [32m INFO[0m [2mralph_core::event_loop[0m[2m:[0m Memory injection check: enabled=true, inject=Auto, workspace_root="/Users/ship/git/ast-search"
[2m2026-03-30T21:15:49.370960Z[0m [32m INFO[0m [2mralph_core::event_loop[0m[2m:[0m Looking for memories at: "/Users/ship/git/ast-search/.ralph/agent/memories.md" (exists: false)
[2m2026-03-30T21:15:49.371024Z[0m [32m INFO[0m [2mralph_core::event_loop[0m[2m:[0m Successfully loaded 0 memories from store
[2m2026-03-30T21:15:49.371061Z[0m [32m INFO[0m [2mralph_core::event_loop[0m[2m:[0m Memory store is empty - no memories to inject
[2m2026-03-30T21:15:49.371257Z[0m [32m INFO[0m [2mralph_core::event_loop[0m[2m:[0m Injecting scratchpad (6842 chars) into prompt
[2m2026-03-30T21:15:49.371885Z[0m [32m INFO[0m [2mralph_core::event_loop[0m[2m:[0m Injecting ready tasks (0 ready, 1 open, 0 closed) into prompt
[2m2026-03-30T21:18:42.279682Z[0m [32m INFO[0m [2mralph_core::event_loop[0m[2m:[0m Memory injection check: enabled=true, inject=Auto, workspace_root="/Users/ship/git/ast-search"
[2m2026-03-30T21:18:42.279830Z[0m [32m INFO[0m [2mralph_core::event_loop[0m[2m:[0m Looking for memories at: "/Users/ship/git/ast-search/.ralph/agent/memories.md" (exists: false)
[2m2026-03-30T21:18:42.279896Z[0m [32m INFO[0m [2mralph_core::event_loop[0m[2m:[0m Successfully loaded 0 memories from store
[2m2026-03-30T21:18:42.279932Z[0m [32m INFO[0m [2mralph_core::event_loop[0m[2m:[0m Memory store is empty - no memories to inject
[2m2026-03-30T21:18:42.280132Z[0m [32m INFO[0m [2mralph_core::event_loop[0m[2m:[0m Injecting scratchpad (8168 chars) into prompt
[2m2026-03-30T21:18:42.280780Z[0m [32m INFO[0m [2mralph_core::event_loop[0m[2m:[0m Injecting ready tasks (0 ready, 1 open, 0 closed) into prompt
[2m2026-03-30T21:19:57.795821Z[0m [32m INFO[0m [2mralph_core::event_loop[0m[2m:[0m Memory injection check: enabled=true, inject=Auto, workspace_root="/Users/ship/git/ast-search"
[2m2026-03-30T21:19:57.795895Z[0m [32m INFO[0m [2mralph_core::event_loop[0m[2m:[0m Looking for memories at: "/Users/ship/git/ast-search/.ralph/agent/memories.md" (exists: false)
[2m2026-03-30T21:19:57.795918Z[0m [32m INFO[0m [2mralph_core::event_loop[0m[2m:[0m Successfully loaded 0 memories from store
[2m2026-03-30T21:19:57.795935Z[0m [32m INFO[0m [2mralph_core::event_loop[0m[2m:[0m Memory store is empty - no memories to inject
[2m2026-03-30T21:19:57.796016Z[0m [32m INFO[0m [2mralph_core::event_loop[0m[2m:[0m Injecting scratchpad (8966 chars) into prompt
[2m2026-03-30T21:19:57.796229Z[0m [32m INFO[0m [2mralph_core::event_loop[0m[2m:[0m Injecting ready tasks (0 ready, 0 open, 1 closed) into prompt
[2m2026-03-30T21:22:48.560431Z[0m [32m INFO[0m [2mralph_core::event_loop[0m[2m:[0m Memory injection check: enabled=true, inject=Auto, workspace_root="/Users/ship/git/ast-search"
[2m2026-03-30T21:22:48.560562Z[0m [32m INFO[0m [2mralph_core::event_loop[0m[2m:[0m Looking for memories at: "/Users/ship/git/ast-search/.ralph/agent/memories.md" (exists: false)
[2m2026-03-30T21:22:48.560619Z[0m [32m INFO[0m [2mralph_core::event_loop[0m[2m:[0m Successfully loaded 0 memories from store
[2m2026-03-30T21:22:48.560651Z[0m [32m INFO[0m [2mralph_core::event_loop[0m[2m:[0m Memory store is empty - no memories to inject
[2m2026-03-30T21:22:48.560852Z[0m [32m INFO[0m [2mralph_core::event_loop[0m[2m:[0m Injecting scratchpad (11289 chars) into prompt
[2m2026-03-30T21:22:48.561347Z[0m [32m INFO[0m [2mralph_core::event_loop[0m[2m:[0m Injecting ready tasks (0 ready, 0 open, 1 closed) into prompt
[2m2026-03-30T21:24:40.630303Z[0m [32m INFO[0m [2mralph_core::event_loop[0m[2m:[0m Memory injection check: enabled=true, inject=Auto, workspace_root="/Users/ship/git/ast-search"
[2m2026-03-30T21:24:40.630396Z[0m [32m INFO[0m [2mralph_core::event_loop[0m[2m:[0m Looking for memories at: "/Users/ship/git/ast-search/.ralph/agent/memories.md" (exists: false)
[2m2026-03-30T21:24:40.630414Z[0m [32m INFO[0m [2mralph_core::event_loop[0m[2m:[0m Successfully loaded 0 memories from store
[2m2026-03-30T21:24:40.630426Z[0m [32m INFO[0m [2mralph_core::event_loop[0m[2m:[0m Memory store is empty - no memories to inject
[2m2026-03-30T21:24:40.630530Z[0m [32m INFO[0m [2mralph_core::event_loop[0m[2m:[0m Injecting scratchpad (12329 chars) into prompt
[2m2026-03-30T21:24:40.630819Z[0m [32m INFO[0m [2mralph_core::event_loop[0m[2m:[0m Injecting ready tasks (0 ready, 0 open, 1 closed) into prompt
[2m2026-03-30T21:26:26.268064Z[0m [32m INFO[0m [2mralph_core::event_loop[0m[2m:[0m Memory injection check: enabled=true, inject=Auto, workspace_root="/Users/ship/git/ast-search"
[2m2026-03-30T21:26:26.268213Z[0m [32m INFO[0m [2mralph_core::event_loop[0m[2m:[0m Looking for memories at: "/Users/ship/git/ast-search/.ralph/agent/memories.md" (exists: false)
[2m2026-03-30T21:26:26.268315Z[0m [32m INFO[0m [2mralph_core::event_loop[0m[2m:[0m Successfully loaded 0 memories from store
[2m2026-03-30T21:26:26.268350Z[0m [32m INFO[0m [2mralph_core::event_loop[0m[2m:[0m Memory store is empty - no memories to inject
[2m2026-03-30T21:26:26.268605Z[0m [32m INFO[0m [2mralph_core::event_loop[0m[2m:[0m Injecting scratchpad (13449 chars) into prompt
[2m2026-03-30T21:26:26.269168Z[0m [32m INFO[0m [2mralph_core::event_loop[0m[2m:[0m Injecting ready tasks (0 ready, 0 open, 1 closed) into prompt
[2m2026-03-30T21:26:58.495683Z[0m [32m INFO[0m [2mralph_core::event_loop[0m[2m:[0m Memory injection check: enabled=true, inject=Auto, workspace_root="/Users/ship/git/ast-search"
[2m2026-03-30T21:26:58.495780Z[0m [32m INFO[0m [2mralph_core::event_loop[0m[2m:[0m Looking for memories at: "/Users/ship/git/ast-search/.ralph/agent/memories.md" (exists: false)
[2m2026-03-30T21:26:58.495809Z[0m [32m INFO[0m [2mralph_core::event_loop[0m[2m:[0m Successfully loaded 0 memories from store
[2m2026-03-30T21:26:58.495824Z[0m [32m INFO[0m [2mralph_core::event_loop[0m[2m:[0m Memory store is empty - no memories to inject
[2m2026-03-30T21:26:58.495961Z[0m [32m INFO[0m [2mralph_core::event_loop[0m[2m:[0m Injecting scratchpad (13449 chars) into prompt
[2m2026-03-30T21:26:58.496252Z[0m [32m INFO[0m [2mralph_core::event_loop[0m[2m:[0m Injecting ready tasks (0 ready, 0 open, 1 closed) into prompt
[2m2026-03-30T21:30:08.881585Z[0m [32m INFO[0m [2mralph_core::event_loop[0m[2m:[0m Memory injection check: enabled=true, inject=Auto, workspace_root="/Users/ship/git/ast-search"
[2m2026-03-30T21:30:08.881689Z[0m [32m INFO[0m [2mralph_core::event_loop[0m[2m:[0m Looking for memories at: "/Users/ship/git/ast-search/.ralph/agent/memories.md" (exists: false)
[2m2026-03-30T21:30:08.881719Z[0m [32m INFO[0m [2mralph_core::event_loop[0m[2m:[0m Successfully loaded 0 memories from store
[2m2026-03-30T21:30:08.881735Z[0m [32m INFO[0m [2mralph_core::event_loop[0m[2m:[0m Memory store is empty - no memories to inject
[2m2026-03-30T21:30:08.881852Z[0m [32m INFO[0m [2mralph_core::event_loop[0m[2m:[0m Injecting scratchpad (14593 chars) into prompt
[2m2026-03-30T21:30:08.882095Z[0m [32m INFO[0m [2mralph_core::event_loop[0m[2m:[0m Injecting ready tasks (0 ready, 0 open, 1 closed) into prompt
[2m2026-03-30T21:30:30.419229Z[0m [32m INFO[0m [2mralph_core::event_loop[0m[2m:[0m Memory injection check: enabled=true, inject=Auto, workspace_root="/Users/ship/git/ast-search"
[2m2026-03-30T21:30:30.419332Z[0m [32m INFO[0m [2mralph_core::event_loop[0m[2m:[0m Looking for memories at: "/Users/ship/git/ast-search/.ralph/agent/memories.md" (exists: false)
[2m2026-03-30T21:30:30.419369Z[0m [32m INFO[0m [2mralph_core::event_loop[0m[2m:[0m Successfully loaded 0 memories from store
[2m2026-03-30T21:30:30.419393Z[0m [32m INFO[0m [2mralph_core::event_loop[0m[2m:[0m Memory store is empty - no memories to inject
[2m2026-03-30T21:30:30.419543Z[0m [32m INFO[0m [2mralph_core::event_loop[0m[2m:[0m Injecting scratchpad (14593 chars) into prompt
[2m2026-03-30T21:30:30.419881Z[0m [32m INFO[0m [2mralph_core::event_loop[0m[2m:[0m Injecting ready tasks (0 ready, 0 open, 1 closed) into prompt
[2m2026-03-30T21:31:30.767909Z[0m [32m INFO[0m [2mralph_core::event_loop[0m[2m:[0m Memory injection check: enabled=true, inject=Auto, workspace_root="/Users/ship/git/ast-search"
[2m2026-03-30T21:31:30.768083Z[0m [32m INFO[0m [2mralph_core::event_loop[0m[2m:[0m Looking for memories at: "/Users/ship/git/ast-search/.ralph/agent/memories.md" (exists: false)
[2m2026-03-30T21:31:30.768145Z[0m [32m INFO[0m [2mralph_core::event_loop[0m[2m:[0m Successfully loaded 0 memories from store
[2m2026-03-30T21:31:30.768178Z[0m [32m INFO[0m [2mralph_core::event_loop[0m[2m:[0m Memory store is empty - no memories to inject
[2m2026-03-30T21:31:30.768411Z[0m [32m INFO[0m [2mralph_core::event_loop[0m[2m:[0m Injecting scratchpad (14593 chars) into prompt
[2m2026-03-30T21:31:30.769037Z[0m [32m INFO[0m [2mralph_core::event_loop[0m[2m:[0m Injecting ready tasks (1 ready, 1 open, 1 closed) into prompt
[2m2026-03-30T21:34:00.540870Z[0m [32m INFO[0m [2mralph_core::event_loop[0m[2m:[0m Memory injection check: enabled=true, inject=Auto, workspace_root="/Users/ship/git/ast-search"
[2m2026-03-30T21:34:00.541015Z[0m [32m INFO[0m [2mralph_core::event_loop[0m[2m:[0m Looking for memories at: "/Users/ship/git/ast-search/.ralph/agent/memories.md" (exists: false)
[2m2026-03-30T21:34:00.541071Z[0m [32m INFO[0m [2mralph_core::event_loop[0m[2m:[0m Successfully loaded 0 memories from store
[2m2026-03-30T21:34:00.541101Z[0m [32m INFO[0m [2mralph_core::event_loop[0m[2m:[0m Memory store is empty - no memories to inject
[2m2026-03-30T21:34:00.541323Z[0m [32m INFO[0m [2mralph_core::event_loop[0m[2m:[0m Injecting scratchpad (14593 chars) into prompt
[2m2026-03-30T21:34:00.541908Z[0m [32m INFO[0m [2mralph_core::event_loop[0m[2m:[0m Injecting ready tasks (0 ready, 1 open, 1 closed) into prompt
[2m2026-03-30T21:34:03.194521Z[0m [32m INFO[0m [2mralph_core::event_loop[0m[2m:[0m Memory injection check: enabled=true, inject=Auto, workspace_root="/Users/ship/git/ast-search"
[2m2026-03-30T21:34:03.194648Z[0m [32m INFO[0m [2mralph_core::event_loop[0m[2m:[0m Looking for memories at: "/Users/ship/git/ast-search/.ralph/agent/memories.md" (exists: false)
[2m2026-03-30T21:34:03.194700Z[0m [32m INFO[0m [2mralph_core::event_loop[0m[2m:[0m Successfully loaded 0 memories from store
[2m2026-03-30T21:34:03.194726Z[0m [32m INFO[0m [2mralph_core::event_loop[0m[2m:[0m Memory store is empty - no memories to inject
[2m2026-03-30T21:34:03.194913Z[0m [32m INFO[0m [2mralph_core::event_loop[0m[2m:[0m Injecting scratchpad (14593 chars) into prompt
[2m2026-03-30T21:34:03.195285Z[0m [32m INFO[0m [2mralph_core::event_loop[0m[2m:[0m Injecting ready tasks (0 ready, 1 open, 1 closed) into prompt
[2m2026-03-30T21:34:04.532838Z[0m [32m INFO[0m [2mralph_core::event_loop[0m[2m:[0m Memory injection check: enabled=true, inject=Auto, workspace_root="/Users/ship/git/ast-search"
[2m2026-03-30T21:34:04.532952Z[0m [32m INFO[0m [2mralph_core::event_loop[0m[2m:[0m Looking for memories at: "/Users/ship/git/ast-search/.ralph/agent/memories.md" (exists: false)
[2m2026-03-30T21:34:04.532983Z[0m [32m INFO[0m [2mralph_core::event_loop[0m[2m:[0m Successfully loaded 0 memories from store
[2m2026-03-30T21:34:04.533019Z[0m [32m INFO[0m [2mralph_core::event_loop[0m[2m:[0m Memory store is empty - no memories to inject
[2m2026-03-30T21:34:04.533197Z[0m [32m INFO[0m [2mralph_core::event_loop[0m[2m:[0m Injecting scratchpad (14593 chars) into prompt
[2m2026-03-30T21:34:04.533588Z[0m [32m INFO[0m [2mralph_core::event_loop[0m[2m:[0m Injecting ready tasks (0 ready, 1 open, 1 closed) into prompt
[2m2026-03-30T21:34:05.678584Z[0m [32m INFO[0m [2mralph_core::event_loop[0m[2m:[0m Memory injection check: enabled=true, inject=Auto, workspace_root="/Users/ship/git/ast-search"
[2m2026-03-30T21:34:05.678682Z[0m [32m INFO[0m [2mralph_core::event_loop[0m[2m:[0m Looking for memories at: "/Users/ship/git/ast-search/.ralph/agent/memories.md" (exists: false)
[2m2026-03-30T21:34:05.678715Z[0m [32m INFO[0m [2mralph_core::event_loop[0m[2m:[0m Successfully loaded 0 memories from store
[2m2026-03-30T21:34:05.678736Z[0m [32m INFO[0m [2mralph_core::event_loop[0m[2m:[0m Memory store is empty - no memories to inject
[2m2026-03-30T21:34:05.678904Z[0m [32m INFO[0m [2mralph_core::event_loop[0m[2m:[0m Injecting scratchpad (14593 chars) into prompt
[2m2026-03-30T21:34:05.679273Z[0m [32m INFO[0m [2mralph_core::event_loop[0m[2m:[0m Injecting ready tasks (0 ready, 1 open, 1 closed) into prompt
[2m2026-03-30T21:34:06.844518Z[0m [32m INFO[0m [2mralph_core::event_loop[0m[2m:[0m Wrapping up: consecutive_failures. 22 iterations in 32m 32s. [3mreason[0m[2m=[0mconsecutive_failures [3miterations[0m[2m=[0m22 [3mduration[0m[2m=[0m32m 32s
